Chi2tot:
Chi2pos:
Chi2formex:
Chi2formey:
Chi2l:
log(Evidence)
runmode
	reference	3 206.877570 -11.752643 206.877570 -11.752643
	image	0 wfc3.mul
	source	1 rxj1347_cat.cat
	inverse	0 0
	ampli	1 1800 1.500000 mu.fits
	end
image
	multfile	0 mulall.cat
	forme		0
	z_m_limit	 1 2.0 1 0.500  5.000  0.1000 
	z_m_limit	 2 3.0 1 0.500  5.000  0.1000 
	z_m_limit	 3 5.0 1 0.500  5.000  0.1000 
	z_m_limit	 4 6.0 1 0.500  5.000  0.1000 
	z_m_limit	 5 7.0 1 0.500  5.000  0.1000 
	z_m_limit	 6 8.0 1 0.500  5.000  0.1000 
	z_m_limit	 7 9.0 1 0.500  5.000  0.1000 
	mult_wcs	1
	sigposArcsec		0.200000
	end
grille
	nombre		128
	nlentille	99
	nlens_opt	0
	end
potentiel
0
	profil		81
	x_centre	0.000000
	y_centre	0.000000
	ellipticite	0.900000
	angle_pos	119.794000
	core_radius_kpc	0.508000
	cut_radius_kpc	1000.000000
	v_disp		386.660000
	z_lens		0.451000
	end
limit
0
	ellipticite	1 0.129000 0.691000 0.000000
	angle_pos	1 1.359664 2.002538 0.000175
	core_radius_kpc	1 26.848000 98.367000 0.010000
	v_disp		1 -22.948000 62.608000 0.100000
	end
potentiel
1
	profil		81
	x_centre	-17.760000
	y_centre	-2.070000
	ellipticite	0.900000
	angle_pos	144.820000
	core_radius_kpc	86.386000
	cut_radius_kpc	1000.000000
	v_disp		1606.199000
	z_lens		0.451000
	end
limit
1
	ellipticite	1 0.900000 0.900000 0.000000
	angle_pos	1 2.518946 2.522385 0.000175
	core_radius_kpc	1 79.885000 83.935000 0.010000
	v_disp		1 1628.060000 1637.430000 0.100000
	end
potentiel
2
	profil		81
	x_centre	0.013000
	y_centre	-0.001000
	ellipticite	0.234000
	angle_pos	-86.900000
	core_radius_kpc	0.255000
	cut_radius_kpc	14.478000
	v_disp		2994.968000
	mag		18.450000
	z_lens		0.451000
	end
limit
2
	cut_radius_kpc	1 15.535000 15.952000 1.000000
	v_disp		1 2997.793000 3000.255000 0.100000
	end
potentiel
3
	profil		81
	x_centre	-17.763000
	y_centre	-2.075000
	ellipticite	0.304000
	angle_pos	-64.100000
	core_radius_kpc	0.198000
	cut_radius_kpc	68.117000
	v_disp		32.323000
	mag		19.000000
	z_lens		0.451000
	end
limit
3
	cut_radius_kpc	1 16.019000 313.114000 1.000000
	v_disp		1 7.622000 32.379000 0.100000
	end
potfile
	filein	1 ../model/rxj1347/MACS.galsortcut
	zlens	0.451000
	type	81
	corekpc	0.150000
	mag0	20.319400
	sigma	0 158.000000 27.000000
	cutkpc	0 45.000000 100.000000
	slope	0 4.000000 4.200000
	vdslope	0 4.000000 0.000000
	end
cline
	dmax		150.000000
	algorithm		MARCHINGSQUARES
	limitHigh		1.000000
	limitLow		0.100000
	end
grande
	iso	0 0 0.000000 0.000000 0.000000
	name	best
	profil	0 0
	contour	1 0
	large_dist	0.300000
	end
cosmologie
	H0	70.000000
	omegaM	0.300000
	omegaX	0.700000
	omegaK	0.000000
	wX	-1.000000
	kcourb	0.000000
	end
cosmolimit
	omegaM	0 0.000000 0.000000
	omegaX	0 0.000000 0.000000
	wX	0 0.000000 0.000000
	end
champ
	dmax	1800.000000
	end
fini
For z_s = 0.8000  DLS/DS:0.3809
DLS:0.1377(lt) 589.86(Mpc) DOS:0.3616(lt) 1548.71(Mpc)
DOL:0.2777(lt) 1189.47(Mpc) DOL_lum:0.5847(lt) 2504.32(Mpc)
Mcrit:3.670023e-03 (10^12 Msol/kpc^2)
Conversion Factor @ z = 0.451000, 1 arcsec == 5.767 kpc
Number of Clumps: 77
-------- Clump 1: PIEMD Kovner, truncated
 Total mass: 181.045322(cor) 163.788270 (10^12 M_sol)
 rcut:173.41(") 1000.00(kpc)
 vdisp:386.66(km/s) b0:6.4676
 rc:0.09(") 0.51(kpc)
 rt:173.41(") 1000.00(kpc)
 r_ct:0.0000 r_cr:0.0000
-------- Clump 2: PIEMD Kovner, truncated
 Total mass: 3124.118634(cor) 2602.911543 (10^12 M_sol)
 rcut:173.41(") 1000.00(kpc)
 vdisp:1606.20(km/s) b0:111.6049
 rc:14.98(") 86.39(kpc)
 rt:173.41(") 1000.00(kpc)
 r_ct:0.0000 r_cr:0.0000
-------- Clump 3: PIEMD Kovner, truncated
 Total mass: 157.261263(cor) 139.879862 (10^12 M_sol)
 rcut:2.51(") 14.48(kpc)
 vdisp:2994.97(km/s) b0:388.0334
 rc:0.04(") 0.26(kpc)
 rt:2.51(") 14.48(kpc)
 r_ct:0.0000 r_cr:0.0000
-------- Clump 4: PIEMD Kovner, truncated
 Total mass: 0.086180(cor) 0.077779 (10^12 M_sol)
 rcut:11.81(") 68.12(kpc)
 vdisp:32.32(km/s) b0:0.0452
 rc:0.03(") 0.20(kpc)
 rt:11.81(") 68.12(kpc)
 r_ct:0.0000 r_cr:0.0000
-------- Clump 290: PIEMD Kovner, truncated
 Total mass: 0.234108(cor) 0.211196 (10^12 M_sol)
 rcut:3.24(") 18.67(kpc)
 vdisp:101.76(km/s) b0:0.4480
 rc:0.01(") 0.06(kpc)
 rt:3.24(") 18.67(kpc)
 r_ct:0.0000 r_cr:0.0000
-------- Clump 220: PIEMD Kovner, truncated
 Total mass: 0.215484(cor) 0.194396 (10^12 M_sol)
 rcut:3.11(") 17.91(kpc)
 vdisp:99.68(km/s) b0:0.4298
 rc:0.01(") 0.06(kpc)
 rt:3.11(") 17.91(kpc)
 r_ct:0.0000 r_cr:0.0000
-------- Clump 308: PIEMD Kovner, truncated
 Total mass: 0.202030(cor) 0.182258 (10^12 M_sol)
 rcut:3.01(") 17.34(kpc)
 vdisp:98.08(km/s) b0:0.4162
 rc:0.01(") 0.06(kpc)
 rt:3.01(") 17.34(kpc)
 r_ct:0.0000 r_cr:0.0000
-------- Clump 107: PIEMD Kovner, truncated
 Total mass: 0.191168(cor) 0.172459 (10^12 M_sol)
 rcut:2.93(") 16.87(kpc)
 vdisp:96.74(km/s) b0:0.4048
 rc:0.01(") 0.06(kpc)
 rt:2.93(") 16.87(kpc)
 r_ct:0.0000 r_cr:0.0000
-------- Clump 228: PIEMD Kovner, truncated
 Total mass: 0.185958(cor) 0.167759 (10^12 M_sol)
 rcut:2.89(") 16.64(kpc)
 vdisp:96.07(km/s) b0:0.3993
 rc:0.01(") 0.06(kpc)
 rt:2.89(") 16.64(kpc)
 r_ct:0.0000 r_cr:0.0000
-------- Clump 42: PIEMD Kovner, truncated
 Total mass: 0.179232(cor) 0.161691 (10^12 M_sol)
 rcut:2.83(") 16.33(kpc)
 vdisp:95.19(km/s) b0:0.3920
 rc:0.01(") 0.05(kpc)
 rt:2.83(") 16.33(kpc)
 r_ct:0.0000 r_cr:0.0000
-------- Clump 123: PIEMD Kovner, truncated
 Total mass: 0.161963(cor) 0.146112 (10^12 M_sol)
 rcut:2.69(") 15.53(kpc)
 vdisp:92.81(km/s) b0:0.3726
 rc:0.01(") 0.05(kpc)
 rt:2.69(") 15.53(kpc)
 r_ct:0.0000 r_cr:0.0000
-------- Clump 353: PIEMD Kovner, truncated
 Total mass: 0.160478(cor) 0.144773 (10^12 M_sol)
 rcut:2.68(") 15.46(kpc)
 vdisp:92.60(km/s) b0:0.3709
 rc:0.01(") 0.05(kpc)
 rt:2.68(") 15.46(kpc)
 r_ct:0.0000 r_cr:0.0000
-------- Clump 124: PIEMD Kovner, truncated
 Total mass: 0.159007(cor) 0.143445 (10^12 M_sol)
 rcut:2.67(") 15.38(kpc)
 vdisp:92.38(km/s) b0:0.3692
 rc:0.01(") 0.05(kpc)
 rt:2.67(") 15.38(kpc)
 r_ct:0.0000 r_cr:0.0000
-------- Clump 92: PIEMD Kovner, truncated
 Total mass: 0.141064(cor) 0.127258 (10^12 M_sol)
 rcut:2.51(") 14.49(kpc)
 vdisp:89.66(km/s) b0:0.3478
 rc:0.01(") 0.05(kpc)
 rt:2.51(") 14.49(kpc)
 r_ct:0.0000 r_cr:0.0000
-------- Clump 56: PIEMD Kovner, truncated
 Total mass: 0.137219(cor) 0.123790 (10^12 M_sol)
 rcut:2.48(") 14.29(kpc)
 vdisp:89.04(km/s) b0:0.3430
 rc:0.01(") 0.05(kpc)
 rt:2.48(") 14.29(kpc)
 r_ct:0.0000 r_cr:0.0000
-------- Clump 359: PIEMD Kovner, truncated
 Total mass: 0.129842(cor) 0.117135 (10^12 M_sol)
 rcut:2.41(") 13.90(kpc)
 vdisp:87.82(km/s) b0:0.3336
 rc:0.01(") 0.05(kpc)
 rt:2.41(") 13.90(kpc)
 r_ct:0.0000 r_cr:0.0000
-------- Clump 336: PIEMD Kovner, truncated
 Total mass: 0.126304(cor) 0.113943 (10^12 M_sol)
 rcut:2.38(") 13.71(kpc)
 vdisp:87.22(km/s) b0:0.3291
 rc:0.01(") 0.05(kpc)
 rt:2.38(") 13.71(kpc)
 r_ct:0.0000 r_cr:0.0000
-------- Clump 322: PIEMD Kovner, truncated
 Total mass: 0.120619(cor) 0.108814 (10^12 M_sol)
 rcut:2.32(") 13.40(kpc)
 vdisp:86.22(km/s) b0:0.3216
 rc:0.01(") 0.04(kpc)
 rt:2.32(") 13.40(kpc)
 r_ct:0.0000 r_cr:0.0000
-------- Clump 269: PIEMD Kovner, truncated
 Total mass: 0.120619(cor) 0.108814 (10^12 M_sol)
 rcut:2.32(") 13.40(kpc)
 vdisp:86.22(km/s) b0:0.3216
 rc:0.01(") 0.04(kpc)
 rt:2.32(") 13.40(kpc)
 r_ct:0.0000 r_cr:0.0000
-------- Clump 32: PIEMD Kovner, truncated
 Total mass: 0.119513(cor) 0.107817 (10^12 M_sol)
 rcut:2.31(") 13.34(kpc)
 vdisp:86.02(km/s) b0:0.3201
 rc:0.01(") 0.04(kpc)
 rt:2.31(") 13.34(kpc)
 r_ct:0.0000 r_cr:0.0000
-------- Clump 245: PIEMD Kovner, truncated
 Total mass: 0.118417(cor) 0.106828 (10^12 M_sol)
 rcut:2.30(") 13.28(kpc)
 vdisp:85.82(km/s) b0:0.3186
 rc:0.01(") 0.04(kpc)
 rt:2.30(") 13.28(kpc)
 r_ct:0.0000 r_cr:0.0000
-------- Clump 13: PIEMD Kovner, truncated
 Total mass: 0.117332(cor) 0.105849 (10^12 M_sol)
 rcut:2.29(") 13.22(kpc)
 vdisp:85.62(km/s) b0:0.3172
 rc:0.01(") 0.04(kpc)
 rt:2.29(") 13.22(kpc)
 r_ct:0.0000 r_cr:0.0000
-------- Clump 345: PIEMD Kovner, truncated
 Total mass: 0.110006(cor) 0.099240 (10^12 M_sol)
 rcut:2.22(") 12.80(kpc)
 vdisp:84.26(km/s) b0:0.3071
 rc:0.01(") 0.04(kpc)
 rt:2.22(") 12.80(kpc)
 r_ct:0.0000 r_cr:0.0000
-------- Clump 112: PIEMD Kovner, truncated
 Total mass: 0.108997(cor) 0.098330 (10^12 M_sol)
 rcut:2.21(") 12.74(kpc)
 vdisp:84.06(km/s) b0:0.3057
 rc:0.01(") 0.04(kpc)
 rt:2.21(") 12.74(kpc)
 r_ct:0.0000 r_cr:0.0000
-------- Clump 328: PIEMD Kovner, truncated
 Total mass: 0.108997(cor) 0.098330 (10^12 M_sol)
 rcut:2.21(") 12.74(kpc)
 vdisp:84.06(km/s) b0:0.3057
 rc:0.01(") 0.04(kpc)
 rt:2.21(") 12.74(kpc)
 r_ct:0.0000 r_cr:0.0000
-------- Clump 95: PIEMD Kovner, truncated
 Total mass: 0.101255(cor) 0.091345 (10^12 M_sol)
 rcut:2.13(") 12.28(kpc)
 vdisp:82.53(km/s) b0:0.2946
 rc:0.01(") 0.04(kpc)
 rt:2.13(") 12.28(kpc)
 r_ct:0.0000 r_cr:0.0000
-------- Clump 182: PIEMD Kovner, truncated
 Total mass: 0.097592(cor) 0.088041 (10^12 M_sol)
 rcut:2.09(") 12.05(kpc)
 vdisp:81.77(km/s) b0:0.2893
 rc:0.01(") 0.04(kpc)
 rt:2.09(") 12.05(kpc)
 r_ct:0.0000 r_cr:0.0000
-------- Clump 30: PIEMD Kovner, truncated
 Total mass: 0.085786(cor) 0.077390 (10^12 M_sol)
 rcut:1.96(") 11.30(kpc)
 vdisp:79.18(km/s) b0:0.2712
 rc:0.01(") 0.04(kpc)
 rt:1.96(") 11.30(kpc)
 r_ct:0.0000 r_cr:0.0000
-------- Clump 77: PIEMD Kovner, truncated
 Total mass: 0.085786(cor) 0.077390 (10^12 M_sol)
 rcut:1.96(") 11.30(kpc)
 vdisp:79.18(km/s) b0:0.2712
 rc:0.01(") 0.04(kpc)
 rt:1.96(") 11.30(kpc)
 r_ct:0.0000 r_cr:0.0000
-------- Clump 102: PIEMD Kovner, truncated
 Total mass: 0.084220(cor) 0.075978 (10^12 M_sol)
 rcut:1.94(") 11.20(kpc)
 vdisp:78.81(km/s) b0:0.2687
 rc:0.01(") 0.04(kpc)
 rt:1.94(") 11.20(kpc)
 r_ct:0.0000 r_cr:0.0000
-------- Clump 195: PIEMD Kovner, truncated
 Total mass: 0.083448(cor) 0.075281 (10^12 M_sol)
 rcut:1.93(") 11.15(kpc)
 vdisp:78.63(km/s) b0:0.2675
 rc:0.01(") 0.04(kpc)
 rt:1.93(") 11.15(kpc)
 r_ct:0.0000 r_cr:0.0000
-------- Clump 271: PIEMD Kovner, truncated
 Total mass: 0.083448(cor) 0.075281 (10^12 M_sol)
 rcut:1.93(") 11.15(kpc)
 vdisp:78.63(km/s) b0:0.2675
 rc:0.01(") 0.04(kpc)
 rt:1.93(") 11.15(kpc)
 r_ct:0.0000 r_cr:0.0000
-------- Clump 3: PIEMD Kovner, truncated
 Total mass: 0.076105(cor) 0.068657 (10^12 M_sol)
 rcut:1.85(") 10.64(kpc)
 vdisp:76.84(km/s) b0:0.2554
 rc:0.01(") 0.04(kpc)
 rt:1.85(") 10.64(kpc)
 r_ct:0.0000 r_cr:0.0000
-------- Clump 323: PIEMD Kovner, truncated
 Total mass: 0.075408(cor) 0.068028 (10^12 M_sol)
 rcut:1.84(") 10.59(kpc)
 vdisp:76.66(km/s) b0:0.2543
 rc:0.01(") 0.04(kpc)
 rt:1.84(") 10.59(kpc)
 r_ct:0.0000 r_cr:0.0000
-------- Clump 199: PIEMD Kovner, truncated
 Total mass: 0.075408(cor) 0.068028 (10^12 M_sol)
 rcut:1.84(") 10.59(kpc)
 vdisp:76.66(km/s) b0:0.2543
 rc:0.01(") 0.04(kpc)
 rt:1.84(") 10.59(kpc)
 r_ct:0.0000 r_cr:0.0000
-------- Clump 162: PIEMD Kovner, truncated
 Total mass: 0.069409(cor) 0.062616 (10^12 M_sol)
 rcut:1.76(") 10.16(kpc)
 vdisp:75.09(km/s) b0:0.2439
 rc:0.01(") 0.03(kpc)
 rt:1.76(") 10.16(kpc)
 r_ct:0.0000 r_cr:0.0000
-------- Clump 125: PIEMD Kovner, truncated
 Total mass: 0.069409(cor) 0.062616 (10^12 M_sol)
 rcut:1.76(") 10.16(kpc)
 vdisp:75.09(km/s) b0:0.2439
 rc:0.01(") 0.03(kpc)
 rt:1.76(") 10.16(kpc)
 r_ct:0.0000 r_cr:0.0000
-------- Clump 108: PIEMD Kovner, truncated
 Total mass: 0.066898(cor) 0.060351 (10^12 M_sol)
 rcut:1.73(") 9.98(kpc)
 vdisp:74.40(km/s) b0:0.2395
 rc:0.01(") 0.03(kpc)
 rt:1.73(") 9.98(kpc)
 r_ct:0.0000 r_cr:0.0000
-------- Clump 58: PIEMD Kovner, truncated
 Total mass: 0.063887(cor) 0.057635 (10^12 M_sol)
 rcut:1.69(") 9.75(kpc)
 vdisp:73.55(km/s) b0:0.2340
 rc:0.01(") 0.03(kpc)
 rt:1.69(") 9.75(kpc)
 r_ct:0.0000 r_cr:0.0000
-------- Clump 106: PIEMD Kovner, truncated
 Total mass: 0.063302(cor) 0.057107 (10^12 M_sol)
 rcut:1.68(") 9.71(kpc)
 vdisp:73.38(km/s) b0:0.2330
 rc:0.01(") 0.03(kpc)
 rt:1.68(") 9.71(kpc)
 r_ct:0.0000 r_cr:0.0000
-------- Clump 119: PIEMD Kovner, truncated
 Total mass: 0.063302(cor) 0.057107 (10^12 M_sol)
 rcut:1.68(") 9.71(kpc)
 vdisp:73.38(km/s) b0:0.2330
 rc:0.01(") 0.03(kpc)
 rt:1.68(") 9.71(kpc)
 r_ct:0.0000 r_cr:0.0000
-------- Clump 48: PIEMD Kovner, truncated
 Total mass: 0.062146(cor) 0.056064 (10^12 M_sol)
 rcut:1.67(") 9.62(kpc)
 vdisp:73.05(km/s) b0:0.2308
 rc:0.01(") 0.03(kpc)
 rt:1.67(") 9.62(kpc)
 r_ct:0.0000 r_cr:0.0000
-------- Clump 172: PIEMD Kovner, truncated
 Total mass: 0.061012(cor) 0.055041 (10^12 M_sol)
 rcut:1.65(") 9.53(kpc)
 vdisp:72.71(km/s) b0:0.2287
 rc:0.01(") 0.03(kpc)
 rt:1.65(") 9.53(kpc)
 r_ct:0.0000 r_cr:0.0000
-------- Clump 166: PIEMD Kovner, truncated
 Total mass: 0.059898(cor) 0.054036 (10^12 M_sol)
 rcut:1.64(") 9.44(kpc)
 vdisp:72.38(km/s) b0:0.2266
 rc:0.01(") 0.03(kpc)
 rt:1.64(") 9.44(kpc)
 r_ct:0.0000 r_cr:0.0000
-------- Clump 291: PIEMD Kovner, truncated
 Total mass: 0.058266(cor) 0.052564 (10^12 M_sol)
 rcut:1.61(") 9.31(kpc)
 vdisp:71.88(km/s) b0:0.2235
 rc:0.01(") 0.03(kpc)
 rt:1.61(") 9.31(kpc)
 r_ct:0.0000 r_cr:0.0000
-------- Clump 62: PIEMD Kovner, truncated
 Total mass: 0.057732(cor) 0.052082 (10^12 M_sol)
 rcut:1.61(") 9.27(kpc)
 vdisp:71.71(km/s) b0:0.2225
 rc:0.01(") 0.03(kpc)
 rt:1.61(") 9.27(kpc)
 r_ct:0.0000 r_cr:0.0000
-------- Clump 230: PIEMD Kovner, truncated
 Total mass: 0.057732(cor) 0.052082 (10^12 M_sol)
 rcut:1.61(") 9.27(kpc)
 vdisp:71.71(km/s) b0:0.2225
 rc:0.01(") 0.03(kpc)
 rt:1.61(") 9.27(kpc)
 r_ct:0.0000 r_cr:0.0000
-------- Clump 287: PIEMD Kovner, truncated
 Total mass: 0.057203(cor) 0.051604 (10^12 M_sol)
 rcut:1.60(") 9.23(kpc)
 vdisp:71.55(km/s) b0:0.2215
 rc:0.01(") 0.03(kpc)
 rt:1.60(") 9.23(kpc)
 r_ct:0.0000 r_cr:0.0000
-------- Clump 110: PIEMD Kovner, truncated
 Total mass: 0.056678(cor) 0.051131 (10^12 M_sol)
 rcut:1.59(") 9.19(kpc)
 vdisp:71.38(km/s) b0:0.2204
 rc:0.01(") 0.03(kpc)
 rt:1.59(") 9.19(kpc)
 r_ct:0.0000 r_cr:0.0000
-------- Clump 153: PIEMD Kovner, truncated
 Total mass: 0.056678(cor) 0.051131 (10^12 M_sol)
 rcut:1.59(") 9.19(kpc)
 vdisp:71.38(km/s) b0:0.2204
 rc:0.01(") 0.03(kpc)
 rt:1.59(") 9.19(kpc)
 r_ct:0.0000 r_cr:0.0000
-------- Clump 278: PIEMD Kovner, truncated
 Total mass: 0.056159(cor) 0.050662 (10^12 M_sol)
 rcut:1.59(") 9.14(kpc)
 vdisp:71.22(km/s) b0:0.2194
 rc:0.01(") 0.03(kpc)
 rt:1.59(") 9.14(kpc)
 r_ct:0.0000 r_cr:0.0000
-------- Clump 321: PIEMD Kovner, truncated
 Total mass: 0.055133(cor) 0.049738 (10^12 M_sol)
 rcut:1.57(") 9.06(kpc)
 vdisp:70.89(km/s) b0:0.2174
 rc:0.01(") 0.03(kpc)
 rt:1.57(") 9.06(kpc)
 r_ct:0.0000 r_cr:0.0000
-------- Clump 164: PIEMD Kovner, truncated
 Total mass: 0.053631(cor) 0.048382 (10^12 M_sol)
 rcut:1.55(") 8.93(kpc)
 vdisp:70.40(km/s) b0:0.2144
 rc:0.01(") 0.03(kpc)
 rt:1.55(") 8.93(kpc)
 r_ct:0.0000 r_cr:0.0000
-------- Clump 276: PIEMD Kovner, truncated
 Total mass: 0.053631(cor) 0.048382 (10^12 M_sol)
 rcut:1.55(") 8.93(kpc)
 vdisp:70.40(km/s) b0:0.2144
 rc:0.01(") 0.03(kpc)
 rt:1.55(") 8.93(kpc)
 r_ct:0.0000 r_cr:0.0000
-------- Clump 224: PIEMD Kovner, truncated
 Total mass: 0.051691(cor) 0.046632 (10^12 M_sol)
 rcut:1.52(") 8.77(kpc)
 vdisp:69.76(km/s) b0:0.2105
 rc:0.01(") 0.03(kpc)
 rt:1.52(") 8.77(kpc)
 r_ct:0.0000 r_cr:0.0000
-------- Clump 279: PIEMD Kovner, truncated
 Total mass: 0.050748(cor) 0.045781 (10^12 M_sol)
 rcut:1.51(") 8.69(kpc)
 vdisp:69.44(km/s) b0:0.2086
 rc:0.01(") 0.03(kpc)
 rt:1.51(") 8.69(kpc)
 r_ct:0.0000 r_cr:0.0000
-------- Clump 219: PIEMD Kovner, truncated
 Total mass: 0.048912(cor) 0.044125 (10^12 M_sol)
 rcut:1.48(") 8.53(kpc)
 vdisp:68.80(km/s) b0:0.2048
 rc:0.00(") 0.03(kpc)
 rt:1.48(") 8.53(kpc)
 r_ct:0.0000 r_cr:0.0000
-------- Clump 18: PIEMD Kovner, truncated
 Total mass: 0.044608(cor) 0.040243 (10^12 M_sol)
 rcut:1.41(") 8.15(kpc)
 vdisp:67.24(km/s) b0:0.1956
 rc:0.00(") 0.03(kpc)
 rt:1.41(") 8.15(kpc)
 r_ct:0.0000 r_cr:0.0000
-------- Clump 118: PIEMD Kovner, truncated
 Total mass: 0.044199(cor) 0.039874 (10^12 M_sol)
 rcut:1.41(") 8.11(kpc)
 vdisp:67.08(km/s) b0:0.1947
 rc:0.00(") 0.03(kpc)
 rt:1.41(") 8.11(kpc)
 r_ct:0.0000 r_cr:0.0000
-------- Clump 347: PIEMD Kovner, truncated
 Total mass: 0.042995(cor) 0.038787 (10^12 M_sol)
 rcut:1.39(") 8.00(kpc)
 vdisp:66.62(km/s) b0:0.1920
 rc:0.00(") 0.03(kpc)
 rt:1.39(") 8.00(kpc)
 r_ct:0.0000 r_cr:0.0000
-------- Clump 148: PIEMD Kovner, truncated
 Total mass: 0.042601(cor) 0.038431 (10^12 M_sol)
 rcut:1.38(") 7.96(kpc)
 vdisp:66.47(km/s) b0:0.1911
 rc:0.00(") 0.03(kpc)
 rt:1.38(") 7.96(kpc)
 r_ct:0.0000 r_cr:0.0000
-------- Clump 200: PIEMD Kovner, truncated
 Total mass: 0.041823(cor) 0.037730 (10^12 M_sol)
 rcut:1.37(") 7.89(kpc)
 vdisp:66.16(km/s) b0:0.1894
 rc:0.00(") 0.03(kpc)
 rt:1.37(") 7.89(kpc)
 r_ct:0.0000 r_cr:0.0000
-------- Clump 237: PIEMD Kovner, truncated
 Total mass: 0.041060(cor) 0.037041 (10^12 M_sol)
 rcut:1.36(") 7.82(kpc)
 vdisp:65.86(km/s) b0:0.1876
 rc:0.00(") 0.03(kpc)
 rt:1.36(") 7.82(kpc)
 r_ct:0.0000 r_cr:0.0000
-------- Clump 285: PIEMD Kovner, truncated
 Total mass: 0.040683(cor) 0.036702 (10^12 M_sol)
 rcut:1.35(") 7.78(kpc)
 vdisp:65.70(km/s) b0:0.1868
 rc:0.00(") 0.03(kpc)
 rt:1.35(") 7.78(kpc)
 r_ct:0.0000 r_cr:0.0000
-------- Clump 327: PIEMD Kovner, truncated
 Total mass: 0.039212(cor) 0.035374 (10^12 M_sol)
 rcut:1.32(") 7.64(kpc)
 vdisp:65.10(km/s) b0:0.1833
 rc:0.00(") 0.03(kpc)
 rt:1.32(") 7.64(kpc)
 r_ct:0.0000 r_cr:0.0000
-------- Clump 97: PIEMD Kovner, truncated
 Total mass: 0.038496(cor) 0.034729 (10^12 M_sol)
 rcut:1.31(") 7.57(kpc)
 vdisp:64.80(km/s) b0:0.1817
 rc:0.00(") 0.03(kpc)
 rt:1.31(") 7.57(kpc)
 r_ct:0.0000 r_cr:0.0000
-------- Clump 211: PIEMD Kovner, truncated
 Total mass: 0.037793(cor) 0.034095 (10^12 M_sol)
 rcut:1.30(") 7.50(kpc)
 vdisp:64.51(km/s) b0:0.1800
 rc:0.00(") 0.03(kpc)
 rt:1.30(") 7.50(kpc)
 r_ct:0.0000 r_cr:0.0000
-------- Clump 232: PIEMD Kovner, truncated
 Total mass: 0.037104(cor) 0.033472 (10^12 M_sol)
 rcut:1.29(") 7.43(kpc)
 vdisp:64.21(km/s) b0:0.1784
 rc:0.00(") 0.02(kpc)
 rt:1.29(") 7.43(kpc)
 r_ct:0.0000 r_cr:0.0000
-------- Clump 138: PIEMD Kovner, truncated
 Total mass: 0.036763(cor) 0.033165 (10^12 M_sol)
 rcut:1.28(") 7.40(kpc)
 vdisp:64.06(km/s) b0:0.1775
 rc:0.00(") 0.02(kpc)
 rt:1.28(") 7.40(kpc)
 r_ct:0.0000 r_cr:0.0000
-------- Clump 350: PIEMD Kovner, truncated
 Total mass: 0.034787(cor) 0.031382 (10^12 M_sol)
 rcut:1.25(") 7.20(kpc)
 vdisp:63.18(km/s) b0:0.1727
 rc:0.00(") 0.02(kpc)
 rt:1.25(") 7.20(kpc)
 r_ct:0.0000 r_cr:0.0000
-------- Clump 309: PIEMD Kovner, truncated
 Total mass: 0.034468(cor) 0.031095 (10^12 M_sol)
 rcut:1.24(") 7.16(kpc)
 vdisp:63.04(km/s) b0:0.1719
 rc:0.00(") 0.02(kpc)
 rt:1.24(") 7.16(kpc)
 r_ct:0.0000 r_cr:0.0000
-------- Clump 344: PIEMD Kovner, truncated
 Total mass: 0.033221(cor) 0.029970 (10^12 M_sol)
 rcut:1.22(") 7.03(kpc)
 vdisp:62.46(km/s) b0:0.1688
 rc:0.00(") 0.02(kpc)
 rt:1.22(") 7.03(kpc)
 r_ct:0.0000 r_cr:0.0000
-------- Clump 105: PIEMD Kovner, truncated
 Total mass: 0.031147(cor) 0.028099 (10^12 M_sol)
 rcut:1.18(") 6.81(kpc)
 vdisp:61.46(km/s) b0:0.1634
 rc:0.00(") 0.02(kpc)
 rt:1.18(") 6.81(kpc)
 r_ct:0.0000 r_cr:0.0000
-------- Clump 281: PIEMD Kovner, truncated
 Total mass: 0.031147(cor) 0.028099 (10^12 M_sol)
 rcut:1.18(") 6.81(kpc)
 vdisp:61.46(km/s) b0:0.1634
 rc:0.00(") 0.02(kpc)
 rt:1.18(") 6.81(kpc)
 r_ct:0.0000 r_cr:0.0000
-------- Clump 259: PIEMD Kovner, truncated
 Total mass: 0.027888(cor) 0.025159 (10^12 M_sol)
 rcut:1.12(") 6.44(kpc)
 vdisp:59.79(km/s) b0:0.1546
 rc:0.00(") 0.02(kpc)
 rt:1.12(") 6.44(kpc)
 r_ct:0.0000 r_cr:0.0000
-------- Clump 284: PIEMD Kovner, truncated
 Total mass: 0.026633(cor) 0.024026 (10^12 M_sol)
 rcut:1.09(") 6.30(kpc)
 vdisp:59.10(km/s) b0:0.1511
 rc:0.00(") 0.02(kpc)
 rt:1.09(") 6.30(kpc)
 r_ct:0.0000 r_cr:0.0000
-------- Clump 272: PIEMD Kovner, truncated
 Total mass: 0.025907(cor) 0.023371 (10^12 M_sol)
 rcut:1.08(") 6.21(kpc)
 vdisp:58.69(km/s) b0:0.1490
 rc:0.00(") 0.02(kpc)
 rt:1.08(") 6.21(kpc)
 r_ct:0.0000 r_cr:0.0000
